\BOOKMARK [1][-]{Doc-Start}{\376\377\000P\000h\000\342\000n\000\040\000c\000\364\000n\000g\000\040\000c\000\364\000n\000g\000\040\000v\000i\036\307\000c\000\040\000\046\000\040\001\020\000\363\000n\000g\000\040\000g\000\363\000p}{}% 1
\BOOKMARK [1][-]{section.1}{\376\377\000G\000i\036\333\000i\000\040\000t\000h\000i\036\307\000u}{}% 2
\BOOKMARK [2][-]{subsection.1.1}{\376\377\001\020\036\267\000t\000\040\000v\036\245\000n\000\040\001\021\036\301}{section.1}% 3
\BOOKMARK [2][-]{subsection.1.2}{\376\377\000C\000\342\000u\000\040\000h\036\317\000i\000\040\000n\000g\000h\000i\000\352\000n\000\040\000c\036\351\000u}{section.1}% 4
\BOOKMARK [1][-]{section.2}{\376\377\000C\001\241\000\040\000s\036\337\000\040\000l\000\375\000\040\000t\000h\000u\000y\036\277\000t}{}% 5
\BOOKMARK [2][-]{subsection.2.1}{\376\377\000I\000n\000t\000e\000r\000-\000P\000r\000o\000c\000e\000s\000s\000\040\000C\000o\000m\000m\000u\000n\000i\000c\000a\000t\000i\000o\000n\000\040\000\050\000I\000P\000C\000\051}{section.2}% 6
\BOOKMARK [2][-]{subsection.2.2}{\376\377\000P\000i\000p\000e\000\040\000t\000r\000o\000n\000g\000\040\000U\000N\000I\000X\000/\000x\000v\0006}{section.2}% 7
\BOOKMARK [2][-]{subsection.2.3}{\376\377\000C\000i\000r\000c\000u\000l\000a\000r\000\040\000B\000u\000f\000f\000e\000r\000\040\000\050\000B\036\331\000\040\001\021\036\307\000m\000\040\000v\000\362\000n\000g\000\051}{section.2}% 8
\BOOKMARK [2][-]{subsection.2.4}{\376\377\000C\001\241\000\040\000c\000h\036\277\000\040\000S\000p\000i\000n\000l\000o\000c\000k\000\040\000v\000\340\000\040\000S\000l\000e\000e\000p\000/\000W\000a\000k\000e\000u\000p\000\040\000t\000r\000o\000n\000g\000\040\000x\000v\0006}{section.2}% 9
\BOOKMARK [2][-]{subsection.2.5}{\376\377\000C\000\341\000c\000h\000\040\000p\000i\000p\000e\000\040\000h\000o\036\241\000t\000\040\001\021\036\331\000n\000g\000\040\000v\036\333\000i\000\040\000t\000i\036\277\000n\000\040\000t\000r\000\354\000n\000h}{section.2}% 10
\BOOKMARK [2][-]{subsection.2.6}{\376\377\000T\000h\000\364\000n\000g\000\040\000l\001\260\036\343\000n\000g\000\040\000I\000P\000C\000\040\000\050\000I\000P\000C\000\040\000T\000h\000r\000o\000u\000g\000h\000p\000u\000t\000\051}{section.2}% 11
\BOOKMARK [1][-]{section.3}{\376\377\000P\000h\000\342\000n\000\040\000t\000\355\000c\000h\000\040\000B\000a\000s\000e\000l\000i\000n\000e\000\040\000\050\000v\0001\000\051}{}% 12
\BOOKMARK [2][-]{subsection.3.1}{\376\377\001\020\001\260\036\335\000n\000g\000\040\001\021\000i\000\040\000c\036\347\000a\000\040\000m\036\331\000t\000\040\000l\036\247\000n\000\040\000w\000r\000i\000t\000e\000/\000r\000e\000a\000d\000\040\000q\000u\000a\000\040\000p\000i\000p\000e}{section.3}% 13
\BOOKMARK [2][-]{subsection.3.2}{\376\377\000S\000o\000u\000r\000c\000e\000\040\000c\000o\000d\000e\000\040\001\021\036\247\000y\000\040\001\021\036\347\000\040\040\023\000\040\000p\000i\000p\000e\000a\000l\000l\000o\000c\000,\000\040\000p\000i\000p\000e\000w\000r\000i\000t\000e\000\040\000v\000\340\000\040\000p\000i\000p\000e\000r\000e\000a\000d\000\040\000v\0001}{section.3}% 14
\BOOKMARK [3][-]{subsubsection.3.2.1}{\376\377\000s\000t\000r\000u\000c\000t\000\040\000p\000i\000p\000e\000\040\000v\000\340\000\040\000p\000i\000p\000e\000a\000l\000l\000o\000c\000\050\000\051\000\040\000v\0001}{subsection.3.2}% 15
\BOOKMARK [3][-]{subsubsection.3.2.2}{\376\377\000p\000i\000p\000e\000w\000r\000i\000t\000e\000\050\000\051\000\040\000v\000\340\000\040\000p\000i\000p\000e\000r\000e\000a\000d\000\050\000\051\000\040\000v\0001}{subsection.3.2}% 16
\BOOKMARK [3][-]{subsubsection.3.2.3}{\376\377\000p\000i\000p\000e\000c\000l\000o\000s\000e\000\050\000\051\000\040\000v\0001}{subsection.3.2}% 17
\BOOKMARK [2][-]{subsection.3.3}{\376\377\000C\000\341\000c\000\040\000p\000h\000i\000\352\000n\000\040\000b\036\243\000n\000\040\000t\036\321\000i\000\040\001\260\000u\000\040\000t\000h\000\364\000n\000g\000\040\000l\001\260\036\343\000n\000g}{section.3}% 18
\BOOKMARK [2][-]{subsection.3.4}{\376\377\001\020\000o\000\040\000b\001\003\000n\000g\000\040\000t\000h\000\364\000n\000g\000\040\000c\036\347\000a\000\040\000p\000h\000i\000\352\000n\000\040\000b\036\243\000n\000\040\000v\0001}{section.3}% 19
\BOOKMARK [1][-]{section.4}{\376\377\000C\000\341\000c\000\040\000p\000h\000i\000\352\000n\000\040\000b\036\243\000n\000\040\000t\036\321\000i\000\040\001\260\000u\000\040\000\050\000v\0002\040\023\000v\0008\000\051}{}% 20
\BOOKMARK [2][-]{subsection.4.1}{\376\377\000v\0002\000\040\040\023\000\040\000B\000u\000l\000k\000\040\000C\000o\000p\000y}{section.4}% 21
\BOOKMARK [3][-]{subsubsection.4.1.1}{\376\377\000K\036\277\000t\000\040\000q\000u\036\243\000\040\001\021\000o\000\040\001\021\036\241\000c\000\040\000v\0002}{subsection.4.1}% 22
\BOOKMARK [2][-]{subsection.4.2}{\376\377\000v\0003\000\040\040\023\000\040\000R\000i\000n\000g\000\040\000o\000f\000\040\000B\000u\000f\000f\000e\000r\000s}{section.4}% 23
\BOOKMARK [3][-]{subsubsection.4.2.1}{\376\377\000G\000i\036\243\000i\000\040\000p\000h\000\341\000p\000\040\040\023\000\040\000C\000h\000u\000n\000k\000e\000d\000\040\0002\000D\000\040\000R\000i\000n\000g\000\040\000B\000u\000f\000f\000e\000r}{subsection.4.2}% 24
\BOOKMARK [3][-]{subsubsection.4.2.2}{\376\377\000K\036\277\000t\000\040\000q\000u\036\243\000\040\001\021\000o\000\040\001\021\036\241\000c\000\040\000v\0003}{subsection.4.2}% 25
\BOOKMARK [2][-]{subsection.4.3}{\376\377\000v\0004\000\040\040\023\000\040\000M\000u\000l\000t\000i\000-\000p\000a\000g\000e\000\040\000A\000l\000l\000o\000c\000a\000t\000i\000o\000n}{section.4}% 26
\BOOKMARK [3][-]{subsubsection.4.3.1}{\376\377\000K\036\277\000t\000\040\000q\000u\036\243\000\040\001\021\000o\000\040\001\021\036\241\000c\000\040\000v\0004}{subsection.4.3}% 27
\BOOKMARK [2][-]{subsection.4.4}{\376\377\000v\0005\000\040\040\023\000\040\000L\000a\000z\000y\000\040\000W\000a\000k\000e\000u\000p}{section.4}% 28
\BOOKMARK [3][-]{subsubsection.4.4.1}{\376\377\000P\000h\000\342\000n\000\040\000t\000\355\000c\000h\000\040\001\021\036\321\000i\000\040\000x\036\351\000n\000g\000:\000\040\000t\000r\036\241\000n\000g\000\040\000t\000h\000\341\000i\000\040\000w\000r\000i\000t\000e\000r\000\040\000k\000h\000i\000\040\000r\000e\000a\000d\000e\000r\000\040\001\021\000a\000n\000g\000\040\001\021\036\315\000c}{subsection.4.4}% 29
\BOOKMARK [3][-]{subsubsection.4.4.2}{\376\377\000K\036\277\000t\000\040\000q\000u\036\243\000\040\001\021\000o\000\040\001\021\036\241\000c\000\040\000v\0005}{subsection.4.4}% 30
\BOOKMARK [2][-]{subsection.4.5}{\376\377\000v\0006\000\040\040\023\000\040\000P\000r\000i\000o\000r\000i\000t\000y\000\040\000B\000o\000o\000s\000t}{section.4}% 31
\BOOKMARK [2][-]{subsection.4.6}{\376\377\000v\0007\000\040\040\023\000\040\000C\000a\000c\000h\000e\000-\000l\000i\000n\000e\000\040\000A\000l\000i\000g\000n\000m\000e\000n\000t}{section.4}% 32
\BOOKMARK [3][-]{subsubsection.4.6.1}{\376\377\000N\000h\036\255\000n\000\040\000x\000\351\000t\000\040\000v\036\301\000\040\000k\036\277\000t\000\040\000q\000u\036\243\000\040\000v\0007\000\040\000t\000r\000\352\000n\000\040\000s\000i\000n\000g\000l\000e\000-\000C\000P\000U}{subsection.4.6}% 33
\BOOKMARK [2][-]{subsection.4.7}{\376\377\000v\0008\000\040\040\023\000\040\000A\000l\000l\000\040\000C\000o\000m\000b\000i\000n\000e\000d\000\040\000\050\000T\036\325\000n\000g\000\040\000h\036\343\000p\000\040\000t\036\245\000t\000\040\000c\036\243\000\040\000c\001\241\000\040\000c\000h\036\277\000\040\000v\0002\040\023\000v\0007\000\051}{section.4}% 34
\BOOKMARK [3][-]{subsubsection.4.7.1}{\376\377\000M\036\345\000c\000\040\000t\000i\000\352\000u\000\040\040\023\000\040\000K\036\277\000t\000\040\000h\036\343\000p\000\040\0005\000\040\000c\001\241\000\040\000c\000h\036\277\000\040\000t\000h\000\340\000n\000h\000\040\0001\000\040\000p\000h\000i\000\352\000n\000\040\000b\036\243\000n\000\040\000h\000o\000\340\000n\000\040\000c\000h\036\311\000n\000h}{subsection.4.7}% 35
\BOOKMARK [3][-]{subsubsection.4.7.2}{\376\377\000T\000h\000i\036\277\000t\000\040\000k\036\277\000\040\000v\0008}{subsection.4.7}% 36
\BOOKMARK [3][-]{subsubsection.4.7.3}{\376\377\000K\036\277\000t\000\040\000q\000u\036\243\000\040\000b\000e\000n\000c\000h\000m\000a\000r\000k\000\040\040\023\000\040\000v\0001\000\040\000v\000s\000\040\000v\0008}{subsection.4.7}% 37
\BOOKMARK [1][-]{section.5}{\376\377\000S\000o\000u\000r\000c\000e\000\040\000C\000o\000d\000e\000\040\000R\000e\000v\000i\000e\000w\000\040\040\023\000\040\000v\0008}{}% 38
\BOOKMARK [2][-]{subsection.5.1}{\376\377\000p\000i\000p\000e\000a\000l\000l\000o\000c\000\050\000\051}{section.5}% 39
\BOOKMARK [2][-]{subsection.5.2}{\376\377\000p\000i\000p\000e\000c\000l\000o\000s\000e\000\050\000\051}{section.5}% 40
\BOOKMARK [2][-]{subsection.5.3}{\376\377\000p\000i\000p\000e\000w\000r\000i\000t\000e\000\050\000\051}{section.5}% 41
\BOOKMARK [2][-]{subsection.5.4}{\376\377\000p\000i\000p\000e\000r\000e\000a\000d\000\050\000\051}{section.5}% 42
\BOOKMARK [1][-]{section.6}{\376\377\000P\000h\000\342\000n\000\040\000t\000\355\000c\000h\000\040\000t\036\325\000n\000g\000\040\000t\000h\036\303}{}% 43
\BOOKMARK [2][-]{subsection.6.1}{\376\377\001\020\036\313\000n\000h\000\040\000l\000u\036\255\000t\000\040\000A\000m\000d\000a\000h\000l}{section.6}% 44
\BOOKMARK [3][-]{subsubsection.6.1.1}{\376\377\000\301\000p\000\040\000d\036\345\000n\000g\000\040\001\020\036\313\000n\000h\000\040\000l\000u\036\255\000t\000\040\000A\000m\000d\000a\000h\000l}{subsection.6.1}% 45
\BOOKMARK [2][-]{subsection.6.2}{\376\377\000B\000\340\000i\000\040\000h\036\315\000c\000\040\000k\000i\000n\000h\000\040\000n\000g\000h\000i\036\307\000m\000\040\000\050\000M\000e\000t\000h\000o\000d\000o\000l\000o\000g\000y\000\051}{section.6}% 46
\BOOKMARK [2][-]{subsection.6.3}{\376\377\000H\036\241\000n\000\040\000c\000h\036\277\000\040\000v\000\340\000\040\000h\001\260\036\333\000n\000g\000\040\000m\036\337\000\040\000r\036\331\000n\000g}{section.6}% 47
